2016-05-07 06:22:12,990 [INFO] from play.core.server.NettyServer in play-fork-run-akka.actor.default-dispatcher-4 - Listening for HTTP on /0:0:0:0:0:0:0:0:9000
2016-05-07 06:22:42,930 [ERROR] from application in New I/O worker #1 - 

! @702dhe9o3 - Internal server error, for (GET) [/] ->
 
play.api.PlayException: Unexpected exception[RuntimeException: Duplicate mappings:
	/home/myeong/workspace/ampoule/target/web/public/main/stylesheets/carousel.css
from
	/home/myeong/workspace/ampoule/target/web/less/main/stylesheets/carousel.css
		/home/myeong/workspace/ampoule/public/stylesheets/carousel.css]
	at play.forkrun.protocol.Serializers$playExceptionPickler$.unpickle(Serializers.scala:165) ~[na:na]
	at play.forkrun.protocol.Serializers$PlayRunsupportReloaderCompileFailureUnpickler$macro$56$2$.unpickle(Serializers.scala:175) ~[na:na]
	at play.forkrun.protocol.Serializers$PlayRunsupportReloaderCompileResultUnpickler$macro$66$2$.unpickle(Serializers.scala:181) ~[na:na]
	at scala.pickling.Unpickler$class.unpickleEntry(Pickler.scala:79) ~[na:na]
	at play.forkrun.protocol.Serializers$PlayRunsupportReloaderCompileResultUnpickler$macro$66$2$.unpickleEntry(Serializers.scala:181) ~[na:na]
	at scala.pickling.functions$.unpickle(functions.scala:11) ~[na:na]
	at sbt.serialization.JsonValue$$anonfun$parse$1.apply(SerializedValue.scala:104) ~[na:na]
	at scala.util.Try$.apply(Try.scala:191) ~[scala-library-2.11.6.jar:na]
	at sbt.serialization.JsonValue.parse(SerializedValue.scala:104) ~[na:na]
	at sbt.protocol.BuildValue.value(Values.scala:11) ~[na:na]
	at sbt.protocol.TaskSuccess.resultWithCustomThrowable(Values.scala:65) ~[na:na]
	at sbt.protocol.TaskResult$class.result(Values.scala:56) ~[na:na]
	at sbt.protocol.TaskSuccess.result(Values.scala:62) ~[na:na]
	at play.forkrun.ForkRun$$anonfun$reloading$1.applyOrElse(ForkRun.scala:197) ~[na:na]
	at akka.actor.Actor$class.aroundReceive(Actor.scala:465) ~[akka-actor_2.11-2.3.13.jar:na]
	at play.forkrun.ForkRun.aroundReceive(ForkRun.scala:152) ~[na:na]
	at akka.actor.ActorCell.receiveMessage(ActorCell.scala:516) ~[akka-actor_2.11-2.3.13.jar:na]
	at akka.actor.ActorCell.invoke(ActorCell.scala:487) ~[akka-actor_2.11-2.3.13.jar:na]
	at akka.dispatch.Mailbox.processMailbox(Mailbox.scala:254) ~[akka-actor_2.11-2.3.13.jar:na]
	at akka.dispatch.Mailbox.run(Mailbox.scala:221) ~[akka-actor_2.11-2.3.13.jar:na]
	at akka.dispatch.Mailbox.exec(Mailbox.scala:231) ~[akka-actor_2.11-2.3.13.jar:na]
	at scala.concurrent.forkjoin.ForkJoinTask.doExec(ForkJoinTask.java:260) ~[scala-library-2.11.6.jar:na]
	at scala.concurrent.forkjoin.ForkJoinPool$WorkQueue.pollAndExecAll(ForkJoinPool.java:1253) ~[scala-library-2.11.6.jar:na]
	at scala.concurrent.forkjoin.ForkJoinPool$WorkQueue.runTask(ForkJoinPool.java:1346) ~[scala-library-2.11.6.jar:na]
	at scala.concurrent.forkjoin.ForkJoinPool.runWorker(ForkJoinPool.java:1979) ~[scala-library-2.11.6.jar:na]
	at scala.concurrent.forkjoin.ForkJoinWorkerThread.run(ForkJoinWorkerThread.java:107) ~[scala-library-2.11.6.jar:na]
Caused by: java.lang.Exception: Duplicate mappings:
	/home/myeong/workspace/ampoule/target/web/public/main/stylesheets/carousel.css
from
	/home/myeong/workspace/ampoule/target/web/less/main/stylesheets/carousel.css
		/home/myeong/workspace/ampoule/public/stylesheets/carousel.css
	at scala.sys.package$.error(package.scala:27) ~[scala-library-2.11.6.jar:na]
	at sbt.Sync$.noDuplicateTargets(Sync.scala:67) ~[na:na]
	at sbt.Sync$$anonfun$apply$1.apply(Sync.scala:25) ~[na:na]
	at sbt.Sync$$anonfun$apply$1.apply(Sync.scala:22) ~[na:na]
	at com.typesafe.sbt.web.SbtWeb$.syncMappings(SbtWeb.scala:487) ~[na:na]
	at com.typesafe.sbt.web.SbtWeb$$anonfun$34.apply(SbtWeb.scala:281) ~[na:na]
	at com.typesafe.sbt.web.SbtWeb$$anonfun$34.apply(SbtWeb.scala:281) ~[na:na]
	at scala.Function1$$anonfun$compose$1.apply(Function1.scala:47) ~[scala-library-2.11.6.jar:na]
	at sbt.$tilde$greater$$anonfun$$u2219$1.apply(TypeFunctions.scala:40) ~[na:na]
	at sbt.std.Transform$$anon$4.work(System.scala:63) ~[na:na]
	at sbt.Execute$$anonfun$submit$1$$anonfun$apply$1.apply(Execute.scala:226) ~[na:na]
	at sbt.Execute$$anonfun$submit$1$$anonfun$apply$1.apply(Execute.scala:226) ~[na:na]
	at sbt.ErrorHandling$.wideConvert(ErrorHandling.scala:17) ~[na:na]
	at sbt.Execute.work(Execute.scala:235) ~[na:na]
	at sbt.Execute$$anonfun$submit$1.apply(Execute.scala:226) ~[na:na]
	at sbt.Execute$$anonfun$submit$1.apply(Execute.scala:226) ~[na:na]
	at sbt.ConcurrentRestrictions$$anon$4$$anonfun$1.apply(ConcurrentRestrictions.scala:159) ~[na:na]
	at sbt.CompletionService$$anon$2.call(CompletionService.scala:28) ~[na:na]
	at java.util.concurrent.FutureTask.run(FutureTask.java:266) ~[na:1.8.0_65]
	at java.util.concurrent.Executors$RunnableAdapter.call(Executors.java:511) ~[na:1.8.0_65]
	at java.util.concurrent.FutureTask.run(FutureTask.java:266) ~[na:1.8.0_65]
	at java.util.concurrent.ThreadPoolExecutor.runWorker(ThreadPoolExecutor.java:1142) [na:1.8.0_65]
	at java.util.concurrent.ThreadPoolExecutor$Worker.run(ThreadPoolExecutor.java:617) [na:1.8.0_65]
	at java.lang.Thread.run(Thread.java:745) [na:1.8.0_65]
